# JRE version: OpenJDK Runtime Environment Microsoft-10376486 (17.0.13+11) (build 17.0.13+11-LTS)
# Java VM: OpenJDK 64-Bit Server VM Microsoft-10376486 (17.0.13+11-LTS, mixed mode, sharing, tiered, compressed oops, compressed class ptrs, g1 gc, windows-amd64)
GC Precious Log:
 CPUs: 12 total, 12 available
 Memory: 7528M
 Large Page Support: Disabled
 NUMA Support: Disabled
 Compressed Oops: Enabled (32-bit)
 Heap Region Size: 1M
 Heap Min Capacity: 8M
 Heap Initial Capacity: 118M
 Heap Max Capacity: 2G
 Pre-touch: Disabled
 Parallel Workers: 10
 Concurrent Workers: 3
 Concurrent Refinement Workers: 10
 Periodic GC: Disabled
Heap:
 garbage-first heap   total 406528K, used 278126K [0x0000000080000000, 0x0000000100000000)
  region size 1024K, 125 young (128000K), 4 survivors (4096K)
 Metaspace       used 140392K, committed 141504K, reserved 557056K
  class space    used 17725K, committed 18240K, reserved 425984K
GC Heap History (20 events):
Event: 22.086 GC heap before
{Heap before GC invocations=32 (full 0):
 garbage-first heap   total 152576K, used 107200K [0x0000000080000000, 0x0000000100000000)
  region size 1024K, 26 young (26624K), 6 survivors (6144K)
 Metaspace       used 81208K, committed 81984K, reserved 557056K
  class space    used 11441K, committed 11776K, reserved 425984K
}
Event: 22.265 GC heap after
{Heap after GC invocations=33 (full 0):
 garbage-first heap   total 152576K, used 86561K [0x0000000080000000, 0x0000000100000000)
  region size 1024K, 4 young (4096K), 4 survivors (4096K)
 Metaspace       used 81208K, committed 81984K, reserved 557056K
  class space    used 11441K, committed 11776K, reserved 425984K
}
Event: 22.282 GC heap before
{Heap before GC invocations=33 (full 0):
 garbage-first heap   total 152576K, used 89633K [0x0000000080000000, 0x0000000100000000)
  region size 1024K, 7 young (7168K), 4 survivors (4096K)
 Metaspace       used 81208K, committed 81984K, reserved 557056K
  class space    used 11441K, committed 11776K, reserved 425984K
}
Event: 22.354 GC heap after
{Heap after GC invocations=34 (full 0):
 garbage-first heap   total 406528K, used 86785K [0x0000000080000000, 0x0000000100000000)
  region size 1024K, 1 young (1024K), 1 survivors (1024K)
 Metaspace       used 81208K, committed 81984K, reserved 557056K
  class space    used 11441K, committed 11776K, reserved 425984K
}
Event: 30.320 GC heap before
{Heap before GC invocations=34 (full 0):
 garbage-first heap   total 406528K, used 271105K [0x0000000080000000, 0x0000000100000000)
  region size 1024K, 169 young (173056K), 1 survivors (1024K)
 Metaspace       used 97966K, committed 98752K, reserved 557056K
  class space    used 13331K, committed 13696K, reserved 425984K
}
Event: 30.404 GC heap after
{Heap after GC invocations=35 (full 0):
 garbage-first heap   total 406528K, used 107632K [0x0000000080000000, 0x0000000100000000)
  region size 1024K, 15 young (15360K), 15 survivors (15360K)
 Metaspace       used 97966K, committed 98752K, reserved 557056K
  class space    used 13331K, committed 13696K, reserved 425984K
}
Event: 34.986 GC heap before
{Heap before GC invocations=35 (full 0):
 garbage-first heap   total 406528K, used 273520K [0x0000000080000000, 0x0000000100000000)
  region size 1024K, 177 young (181248K), 15 survivors (15360K)
 Metaspace       used 110891K, committed 111808K, reserved 557056K
  class space    used 14792K, committed 15232K, reserved 425984K
}
Event: 35.004 GC heap after
{Heap after GC invocations=36 (full 0):
 garbage-first heap   total 406528K, used 119023K [0x0000000080000000, 0x0000000100000000)
  region size 1024K, 11 young (11264K), 11 survivors (11264K)
 Metaspace       used 110891K, committed 111808K, reserved 557056K
  class space    used 14792K, committed 15232K, reserved 425984K
}
Event: 40.096 GC heap before
{Heap before GC invocations=36 (full 0):
 garbage-first heap   total 406528K, used 302319K [0x0000000080000000, 0x0000000100000000)
  region size 1024K, 185 young (189440K), 11 survivors (11264K)
 Metaspace       used 129118K, committed 130048K, reserved 557056K
  class space    used 16922K, committed 17344K, reserved 425984K
}
Event: 40.111 GC heap after
{Heap after GC invocations=37 (full 0):
 garbage-first heap   total 406528K, used 130492K [0x0000000080000000, 0x0000000100000000)
  region size 1024K, 18 young (18432K), 18 survivors (18432K)
 Metaspace       used 129118K, committed 130048K, reserved 557056K
  class space    used 16922K, committed 17344K, reserved 425984K
}
Event: 43.198 GC heap before
{Heap before GC invocations=37 (full 0):
 garbage-first heap   total 406528K, used 314812K [0x0000000080000000, 0x0000000100000000)
  region size 1024K, 198 young (202752K), 18 survivors (18432K)
 Metaspace       used 132678K, committed 133632K, reserved 557056K
  class space    used 17281K, committed 17728K, reserved 425984K
}
Event: 43.228 GC heap after
{Heap after GC invocations=38 (full 0):
 garbage-first heap   total 406528K, used 144620K [0x0000000080000000, 0x0000000100000000)
  region size 1024K, 21 young (21504K), 21 survivors (21504K)
 Metaspace       used 132678K, committed 133632K, reserved 557056K
  class space    used 17281K, committed 17728K, reserved 425984K
}
Event: 45.011 GC heap before
{Heap before GC invocations=38 (full 0):
 garbage-first heap   total 406528K, used 195820K [0x0000000080000000, 0x0000000100000000)
  region size 1024K, 72 young (73728K), 21 survivors (21504K)
 Metaspace       used 135770K, committed 136640K, reserved 557056K
  class space    used 17510K, committed 17920K, reserved 425984K
}
Event: 45.036 GC heap after
{Heap after GC invocations=39 (full 0):
 garbage-first heap   total 406528K, used 152570K [0x0000000080000000, 0x0000000100000000)
  region size 1024K, 9 young (9216K), 9 survivors (9216K)
 Metaspace       used 135770K, committed 136640K, reserved 557056K
  class space    used 17510K, committed 17920K, reserved 425984K
}
Event: 51.089 GC heap before
{Heap before GC invocations=40 (full 0):
 garbage-first heap   total 406528K, used 323578K [0x0000000080000000, 0x0000000100000000)
  region size 1024K, 175 young (179200K), 9 survivors (9216K)
 Metaspace       used 138722K, committed 139776K, reserved 557056K
  class space    used 17707K, committed 18176K, reserved 425984K
}
Event: 51.127 GC heap after
{Heap after GC invocations=41 (full 0):
 garbage-first heap   total 406528K, used 152570K [0x0000000080000000, 0x0000000100000000)
  region size 1024K, 9 young (9216K), 9 survivors (9216K)
 Metaspace       used 138722K, committed 139776K, reserved 557056K
  class space    used 17707K, committed 18176K, reserved 425984K
}
Event: 51.663 GC heap before
{Heap before GC invocations=41 (full 0):
 garbage-first heap   total 406528K, used 161786K [0x0000000080000000, 0x0000000100000000)
  region size 1024K, 19 young (19456K), 9 survivors (9216K)
 Metaspace       used 138813K, committed 139840K, reserved 557056K
  class space    used 17709K, committed 18176K, reserved 425984K
}
Event: 51.697 GC heap after
{Heap after GC invocations=42 (full 0):
 garbage-first heap   total 406528K, used 152040K [0x0000000080000000, 0x0000000100000000)
  region size 1024K, 2 young (2048K), 2 survivors (2048K)
 Metaspace       used 138813K, committed 139840K, reserved 557056K
  class space    used 17709K, committed 18176K, reserved 425984K
}
Event: 70.017 GC heap before
{Heap before GC invocations=42 (full 0):
 garbage-first heap   total 406528K, used 329192K [0x0000000080000000, 0x0000000100000000)
  region size 1024K, 175 young (179200K), 2 survivors (2048K)
 Metaspace       used 139914K, committed 140992K, reserved 557056K
  class space    used 17723K, committed 18240K, reserved 425984K
}
Event: 70.069 GC heap after
{Heap after GC invocations=43 (full 0):
 garbage-first heap   total 406528K, used 154222K [0x0000000080000000, 0x0000000100000000)
  region size 1024K, 4 young (4096K), 4 survivors (4096K)
 Metaspace       used 139914K, committed 140992K, reserved 557056K
  class space    used 17723K, committed 18240K, reserved 425984K
}

